2023-10-16 at 10:57:13 PDT DEBUG org.springframework.context.support.AbstractApplicationContext 630 prepareRefresh - Refreshing org.springframework.context.support.ClassPathXmlApplicationContext@41488b16
2023-10-16 at 10:57:13 PDT DEBUG org.springframework.context.annotation.ClassPathScanningCandidateComponentProvider 440 scanCandidateComponents - Identified candidate component class: file [/Users/uprightclear/sunjiqing/Study_Spring6/spring6/spring6-ioc-annotation/target/classes/com/atguigu/spring6/autowired/controller/UserController.class]
2023-10-16 at 10:57:13 PDT DEBUG org.springframework.context.annotation.ClassPathScanningCandidateComponentProvider 440 scanCandidateComponents - Identified candidate component class: file [/Users/uprightclear/sunjiqing/Study_Spring6/spring6/spring6-ioc-annotation/target/classes/com/atguigu/spring6/autowired/dao/UserDaoImpl.class]
2023-10-16 at 10:57:13 PDT DEBUG org.springframework.context.annotation.ClassPathScanningCandidateComponentProvider 440 scanCandidateComponents - Identified candidate component class: file [/Users/uprightclear/sunjiqing/Study_Spring6/spring6/spring6-ioc-annotation/target/classes/com/atguigu/spring6/autowired/dao/UserRedisDaoImpl.class]
2023-10-16 at 10:57:13 PDT DEBUG org.springframework.context.annotation.ClassPathScanningCandidateComponentProvider 440 scanCandidateComponents - Identified candidate component class: file [/Users/uprightclear/sunjiqing/Study_Spring6/spring6/spring6-ioc-annotation/target/classes/com/atguigu/spring6/autowired/service/UserServiceImpl.class]
2023-10-16 at 10:57:13 PDT DEBUG org.springframework.context.annotation.ClassPathScanningCandidateComponentProvider 440 scanCandidateComponents - Identified candidate component class: file [/Users/uprightclear/sunjiqing/Study_Spring6/spring6/spring6-ioc-annotation/target/classes/com/atguigu/spring6/bean/User.class]
2023-10-16 at 10:57:13 PDT DEBUG org.springframework.beans.factory.xml.XmlBeanDefinitionReader 393 doLoadBeanDefinitions - Loaded 9 bean definitions from class path resource [bean.xml]
2023-10-16 at 10:57:13 PDT DEBUG org.springframework.beans.factory.support.DefaultSingletonBeanRegistry 225 getSingleton - Creating shared instance of singleton bean 'org.springframework.context.annotation.internalConfigurationAnnotationProcessor'
2023-10-16 at 10:57:13 PDT DEBUG org.springframework.beans.factory.support.DefaultSingletonBeanRegistry 225 getSingleton - Creating shared instance of singleton bean 'org.springframework.context.event.internalEventListenerProcessor'
2023-10-16 at 10:57:13 PDT DEBUG org.springframework.beans.factory.support.DefaultSingletonBeanRegistry 225 getSingleton - Creating shared instance of singleton bean 'org.springframework.context.event.internalEventListenerFactory'
2023-10-16 at 10:57:13 PDT DEBUG org.springframework.beans.factory.support.DefaultSingletonBeanRegistry 225 getSingleton - Creating shared instance of singleton bean 'org.springframework.context.annotation.internalAutowiredAnnotationProcessor'
2023-10-16 at 10:57:13 PDT DEBUG org.springframework.beans.factory.support.DefaultSingletonBeanRegistry 225 getSingleton - Creating shared instance of singleton bean 'userController'
2023-10-16 at 10:57:13 PDT WARN  org.springframework.core.LocalVariableTableParameterNameDiscoverer 123 inspectClass - Using deprecated '-debug' fallback for parameter name resolution. Compile the affected code with '-parameters' instead or avoid its introspection: com.atguigu.spring6.autowired.controller.UserController
2023-10-16 at 10:57:13 PDT DEBUG org.springframework.beans.factory.support.DefaultSingletonBeanRegistry 225 getSingleton - Creating shared instance of singleton bean 'userServiceImpl'
2023-10-16 at 10:57:13 PDT DEBUG org.springframework.beans.factory.support.DefaultSingletonBeanRegistry 225 getSingleton - Creating shared instance of singleton bean 'userRedisDaoImpl'
2023-10-16 at 10:57:13 PDT DEBUG org.springframework.beans.factory.support.ConstructorResolver 801 createArgumentArray - Autowiring by type from bean name 'userController' via constructor to bean named 'userServiceImpl'
2023-10-16 at 10:57:13 PDT DEBUG org.springframework.beans.factory.support.DefaultSingletonBeanRegistry 225 getSingleton - Creating shared instance of singleton bean 'userDaoImpl'
2023-10-16 at 10:57:13 PDT DEBUG org.springframework.beans.factory.support.DefaultSingletonBeanRegistry 225 getSingleton - Creating shared instance of singleton bean 'user'
2023-10-16 at 14:23:44 PDT DEBUG org.springframework.context.support.AbstractApplicationContext 630 prepareRefresh - Refreshing org.springframework.context.support.ClassPathXmlApplicationContext@2f01783a
2023-10-16 at 14:23:44 PDT DEBUG org.springframework.context.annotation.ClassPathScanningCandidateComponentProvider 440 scanCandidateComponents - Identified candidate component class: file [/Users/uprightclear/sunjiqing/Study_Spring6/spring6/spring6-ioc-annotation/target/classes/com/atguigu/spring6/autowired/controller/UserController.class]
2023-10-16 at 14:23:44 PDT DEBUG org.springframework.context.annotation.ClassPathScanningCandidateComponentProvider 440 scanCandidateComponents - Identified candidate component class: file [/Users/uprightclear/sunjiqing/Study_Spring6/spring6/spring6-ioc-annotation/target/classes/com/atguigu/spring6/autowired/dao/UserDaoImpl.class]
2023-10-16 at 14:23:44 PDT DEBUG org.springframework.context.annotation.ClassPathScanningCandidateComponentProvider 440 scanCandidateComponents - Identified candidate component class: file [/Users/uprightclear/sunjiqing/Study_Spring6/spring6/spring6-ioc-annotation/target/classes/com/atguigu/spring6/autowired/dao/UserRedisDaoImpl.class]
2023-10-16 at 14:23:44 PDT DEBUG org.springframework.context.annotation.ClassPathScanningCandidateComponentProvider 440 scanCandidateComponents - Identified candidate component class: file [/Users/uprightclear/sunjiqing/Study_Spring6/spring6/spring6-ioc-annotation/target/classes/com/atguigu/spring6/autowired/service/UserServiceImpl.class]
2023-10-16 at 14:23:44 PDT DEBUG org.springframework.context.annotation.ClassPathScanningCandidateComponentProvider 440 scanCandidateComponents - Identified candidate component class: file [/Users/uprightclear/sunjiqing/Study_Spring6/spring6/spring6-ioc-annotation/target/classes/com/atguigu/spring6/bean/User.class]
2023-10-16 at 14:23:44 PDT DEBUG org.springframework.beans.factory.xml.XmlBeanDefinitionReader 393 doLoadBeanDefinitions - Loaded 9 bean definitions from class path resource [bean.xml]
2023-10-16 at 14:23:44 PDT DEBUG org.springframework.beans.factory.support.DefaultSingletonBeanRegistry 225 getSingleton - Creating shared instance of singleton bean 'org.springframework.context.annotation.internalConfigurationAnnotationProcessor'
2023-10-16 at 14:23:44 PDT DEBUG org.springframework.beans.factory.support.DefaultSingletonBeanRegistry 225 getSingleton - Creating shared instance of singleton bean 'org.springframework.context.event.internalEventListenerProcessor'
2023-10-16 at 14:23:44 PDT DEBUG org.springframework.beans.factory.support.DefaultSingletonBeanRegistry 225 getSingleton - Creating shared instance of singleton bean 'org.springframework.context.event.internalEventListenerFactory'
2023-10-16 at 14:23:44 PDT DEBUG org.springframework.beans.factory.support.DefaultSingletonBeanRegistry 225 getSingleton - Creating shared instance of singleton bean 'org.springframework.context.annotation.internalAutowiredAnnotationProcessor'
2023-10-16 at 14:23:44 PDT DEBUG org.springframework.beans.factory.support.DefaultSingletonBeanRegistry 225 getSingleton - Creating shared instance of singleton bean 'userController'
2023-10-16 at 14:23:44 PDT WARN  org.springframework.core.LocalVariableTableParameterNameDiscoverer 123 inspectClass - Using deprecated '-debug' fallback for parameter name resolution. Compile the affected code with '-parameters' instead or avoid its introspection: com.atguigu.spring6.autowired.controller.UserController
2023-10-16 at 14:23:44 PDT DEBUG org.springframework.beans.factory.support.DefaultSingletonBeanRegistry 225 getSingleton - Creating shared instance of singleton bean 'userServiceImpl'
2023-10-16 at 14:23:44 PDT DEBUG org.springframework.beans.factory.support.DefaultSingletonBeanRegistry 225 getSingleton - Creating shared instance of singleton bean 'userRedisDaoImpl'
2023-10-16 at 14:23:44 PDT DEBUG org.springframework.beans.factory.support.ConstructorResolver 801 createArgumentArray - Autowiring by type from bean name 'userController' via constructor to bean named 'userServiceImpl'
2023-10-16 at 14:23:44 PDT DEBUG org.springframework.beans.factory.support.DefaultSingletonBeanRegistry 225 getSingleton - Creating shared instance of singleton bean 'userDaoImpl'
2023-10-16 at 14:23:44 PDT DEBUG org.springframework.beans.factory.support.DefaultSingletonBeanRegistry 225 getSingleton - Creating shared instance of singleton bean 'user'
2023-10-17 at 22:29:38 PDT DEBUG org.springframework.context.support.AbstractApplicationContext 630 prepareRefresh - Refreshing org.springframework.context.support.ClassPathXmlApplicationContext@41488b16
2023-10-17 at 22:29:38 PDT DEBUG org.springframework.context.annotation.ClassPathScanningCandidateComponentProvider 440 scanCandidateComponents - Identified candidate component class: file [/Users/uprightclear/sunjiqing/Study_Spring6/spring6/spring6-ioc-annotation/target/classes/com/atguigu/spring6/autowired/controller/UserController.class]
2023-10-17 at 22:29:38 PDT DEBUG org.springframework.context.annotation.ClassPathScanningCandidateComponentProvider 440 scanCandidateComponents - Identified candidate component class: file [/Users/uprightclear/sunjiqing/Study_Spring6/spring6/spring6-ioc-annotation/target/classes/com/atguigu/spring6/autowired/dao/UserDaoImpl.class]
2023-10-17 at 22:29:39 PDT DEBUG org.springframework.context.annotation.ClassPathScanningCandidateComponentProvider 440 scanCandidateComponents - Identified candidate component class: file [/Users/uprightclear/sunjiqing/Study_Spring6/spring6/spring6-ioc-annotation/target/classes/com/atguigu/spring6/autowired/dao/UserRedisDaoImpl.class]
2023-10-17 at 22:29:39 PDT DEBUG org.springframework.context.annotation.ClassPathScanningCandidateComponentProvider 440 scanCandidateComponents - Identified candidate component class: file [/Users/uprightclear/sunjiqing/Study_Spring6/spring6/spring6-ioc-annotation/target/classes/com/atguigu/spring6/autowired/service/UserServiceImpl.class]
2023-10-17 at 22:29:39 PDT DEBUG org.springframework.context.annotation.ClassPathScanningCandidateComponentProvider 440 scanCandidateComponents - Identified candidate component class: file [/Users/uprightclear/sunjiqing/Study_Spring6/spring6/spring6-ioc-annotation/target/classes/com/atguigu/spring6/bean/User.class]
2023-10-17 at 22:29:39 PDT DEBUG org.springframework.context.annotation.ClassPathScanningCandidateComponentProvider 440 scanCandidateComponents - Identified candidate component class: file [/Users/uprightclear/sunjiqing/Study_Spring6/spring6/spring6-ioc-annotation/target/classes/com/atguigu/spring6/config/SpringConfig.class]
2023-10-17 at 22:29:39 PDT DEBUG org.springframework.context.annotation.ClassPathScanningCandidateComponentProvider 440 scanCandidateComponents - Identified candidate component class: file [/Users/uprightclear/sunjiqing/Study_Spring6/spring6/spring6-ioc-annotation/target/classes/com/atguigu/spring6/resource/controller/UserController.class]
2023-10-17 at 22:29:39 PDT DEBUG org.springframework.context.annotation.ClassPathScanningCandidateComponentProvider 440 scanCandidateComponents - Identified candidate component class: file [/Users/uprightclear/sunjiqing/Study_Spring6/spring6/spring6-ioc-annotation/target/classes/com/atguigu/spring6/resource/dao/UserDaoImpl.class]
2023-10-17 at 22:29:39 PDT DEBUG org.springframework.context.annotation.ClassPathScanningCandidateComponentProvider 440 scanCandidateComponents - Identified candidate component class: file [/Users/uprightclear/sunjiqing/Study_Spring6/spring6/spring6-ioc-annotation/target/classes/com/atguigu/spring6/resource/dao/UserRedisDaoImpl.class]
2023-10-17 at 22:29:39 PDT DEBUG org.springframework.context.annotation.ClassPathScanningCandidateComponentProvider 440 scanCandidateComponents - Identified candidate component class: file [/Users/uprightclear/sunjiqing/Study_Spring6/spring6/spring6-ioc-annotation/target/classes/com/atguigu/spring6/resource/service/UserServiceImpl.class]
2023-10-17 at 22:29:39 PDT DEBUG org.springframework.beans.factory.xml.XmlBeanDefinitionReader 393 doLoadBeanDefinitions - Loaded 15 bean definitions from class path resource [bean.xml]
2023-10-17 at 22:29:39 PDT DEBUG org.springframework.beans.factory.support.DefaultSingletonBeanRegistry 225 getSingleton - Creating shared instance of singleton bean 'org.springframework.context.annotation.internalConfigurationAnnotationProcessor'
2023-10-17 at 22:29:39 PDT DEBUG org.springframework.context.annotation.ClassPathScanningCandidateComponentProvider 440 scanCandidateComponents - Identified candidate component class: file [/Users/uprightclear/sunjiqing/Study_Spring6/spring6/spring6-ioc-annotation/target/classes/com/atguigu/spring6/autowired/controller/UserController.class]
2023-10-17 at 22:29:39 PDT DEBUG org.springframework.context.annotation.ClassPathScanningCandidateComponentProvider 440 scanCandidateComponents - Identified candidate component class: file [/Users/uprightclear/sunjiqing/Study_Spring6/spring6/spring6-ioc-annotation/target/classes/com/atguigu/spring6/autowired/dao/UserDaoImpl.class]
2023-10-17 at 22:29:39 PDT DEBUG org.springframework.context.annotation.ClassPathScanningCandidateComponentProvider 440 scanCandidateComponents - Identified candidate component class: file [/Users/uprightclear/sunjiqing/Study_Spring6/spring6/spring6-ioc-annotation/target/classes/com/atguigu/spring6/autowired/dao/UserRedisDaoImpl.class]
2023-10-17 at 22:29:39 PDT DEBUG org.springframework.context.annotation.ClassPathScanningCandidateComponentProvider 440 scanCandidateComponents - Identified candidate component class: file [/Users/uprightclear/sunjiqing/Study_Spring6/spring6/spring6-ioc-annotation/target/classes/com/atguigu/spring6/autowired/service/UserServiceImpl.class]
2023-10-17 at 22:29:39 PDT DEBUG org.springframework.context.annotation.ClassPathScanningCandidateComponentProvider 440 scanCandidateComponents - Identified candidate component class: file [/Users/uprightclear/sunjiqing/Study_Spring6/spring6/spring6-ioc-annotation/target/classes/com/atguigu/spring6/bean/User.class]
2023-10-17 at 22:29:39 PDT DEBUG org.springframework.context.annotation.ClassPathScanningCandidateComponentProvider 440 scanCandidateComponents - Identified candidate component class: file [/Users/uprightclear/sunjiqing/Study_Spring6/spring6/spring6-ioc-annotation/target/classes/com/atguigu/spring6/resource/controller/UserController.class]
2023-10-17 at 22:29:39 PDT DEBUG org.springframework.context.annotation.ClassPathScanningCandidateComponentProvider 440 scanCandidateComponents - Identified candidate component class: file [/Users/uprightclear/sunjiqing/Study_Spring6/spring6/spring6-ioc-annotation/target/classes/com/atguigu/spring6/resource/dao/UserDaoImpl.class]
2023-10-17 at 22:29:39 PDT DEBUG org.springframework.context.annotation.ClassPathScanningCandidateComponentProvider 440 scanCandidateComponents - Identified candidate component class: file [/Users/uprightclear/sunjiqing/Study_Spring6/spring6/spring6-ioc-annotation/target/classes/com/atguigu/spring6/resource/dao/UserRedisDaoImpl.class]
2023-10-17 at 22:29:39 PDT DEBUG org.springframework.context.annotation.ClassPathScanningCandidateComponentProvider 440 scanCandidateComponents - Identified candidate component class: file [/Users/uprightclear/sunjiqing/Study_Spring6/spring6/spring6-ioc-annotation/target/classes/com/atguigu/spring6/resource/service/UserServiceImpl.class]
2023-10-17 at 22:29:39 PDT DEBUG org.springframework.beans.factory.support.DefaultSingletonBeanRegistry 225 getSingleton - Creating shared instance of singleton bean 'org.springframework.context.event.internalEventListenerProcessor'
2023-10-17 at 22:29:39 PDT DEBUG org.springframework.beans.factory.support.DefaultSingletonBeanRegistry 225 getSingleton - Creating shared instance of singleton bean 'org.springframework.context.event.internalEventListenerFactory'
2023-10-17 at 22:29:39 PDT DEBUG org.springframework.beans.factory.support.DefaultSingletonBeanRegistry 225 getSingleton - Creating shared instance of singleton bean 'org.springframework.context.annotation.internalAutowiredAnnotationProcessor'
2023-10-17 at 22:29:39 PDT DEBUG org.springframework.beans.factory.support.DefaultSingletonBeanRegistry 225 getSingleton - Creating shared instance of singleton bean 'org.springframework.context.annotation.internalCommonAnnotationProcessor'
2023-10-17 at 22:29:39 PDT DEBUG org.springframework.beans.factory.support.DefaultSingletonBeanRegistry 225 getSingleton - Creating shared instance of singleton bean 'userController'
2023-10-17 at 22:29:39 PDT WARN  org.springframework.core.LocalVariableTableParameterNameDiscoverer 123 inspectClass - Using deprecated '-debug' fallback for parameter name resolution. Compile the affected code with '-parameters' instead or avoid its introspection: com.atguigu.spring6.autowired.controller.UserController
2023-10-17 at 22:29:39 PDT DEBUG org.springframework.beans.factory.support.DefaultSingletonBeanRegistry 225 getSingleton - Creating shared instance of singleton bean 'userServiceImpl'
2023-10-17 at 22:29:39 PDT DEBUG org.springframework.beans.factory.support.DefaultSingletonBeanRegistry 225 getSingleton - Creating shared instance of singleton bean 'userRedisDaoImpl'
2023-10-17 at 22:29:39 PDT DEBUG org.springframework.beans.factory.support.ConstructorResolver 801 createArgumentArray - Autowiring by type from bean name 'userController' via constructor to bean named 'userServiceImpl'
2023-10-17 at 22:29:39 PDT DEBUG org.springframework.beans.factory.support.DefaultSingletonBeanRegistry 225 getSingleton - Creating shared instance of singleton bean 'userDaoImpl'
2023-10-17 at 22:29:39 PDT DEBUG org.springframework.beans.factory.support.DefaultSingletonBeanRegistry 225 getSingleton - Creating shared instance of singleton bean 'user'
2023-10-17 at 22:29:39 PDT DEBUG org.springframework.beans.factory.support.DefaultSingletonBeanRegistry 225 getSingleton - Creating shared instance of singleton bean 'springConfig'
2023-10-17 at 22:29:39 PDT DEBUG org.springframework.beans.factory.support.DefaultSingletonBeanRegistry 225 getSingleton - Creating shared instance of singleton bean 'myUserController'
2023-10-17 at 22:29:39 PDT DEBUG org.springframework.beans.factory.support.DefaultSingletonBeanRegistry 225 getSingleton - Creating shared instance of singleton bean 'myUserService'
2023-10-17 at 22:29:39 PDT DEBUG org.springframework.beans.factory.support.DefaultSingletonBeanRegistry 225 getSingleton - Creating shared instance of singleton bean 'myUserDao'
2023-10-17 at 22:29:39 PDT DEBUG org.springframework.beans.factory.support.DefaultSingletonBeanRegistry 225 getSingleton - Creating shared instance of singleton bean 'myUserRedisDao'
